This is pdfTeX, Version 3.141592653-2.6-1.40.25 (MiKTeX 23.12) (preloaded format=pdflatex 2024.1.4)  16 JAN 2024 16:21
entering extended mode
 restricted \write18 enabled.
 %&-line parsing enabled.
**"C:/Users/rodri/OneDrive/Documentos/TUM/Master Arbeit/Thesis/chapters/methodo
logy.tex"

(C:/Users/rodri/OneDrive/Documentos/TUM/Master Arbeit/Thesis/chapters/methodolo
gy.tex
LaTeX2e <2023-11-01>
L3 programming layer <2023-12-11>

! LaTeX Error: Missing \begin{document}.

See the LaTeX manual or LaTeX Companion for explanation.
Type  H <return>  for immediate help.
 ...                                              
                                                  
l.1 I
     n this chapter, we build a complete picture of the Methodology applied ...

? 
! Emergency stop.
 ...                                              
                                                  
l.1 I
     n this chapter, we build a complete picture of the Methodology applied ...

You're in trouble here.  Try typing  <return>  to proceed.
If that doesn't work, type  X <return>  to quit.

 
Here is how much of TeX's memory you used:
 20 strings out of 474494
 773 string characters out of 5743915
 1924460 words of memory out of 5000000
 22396 multiletter control sequences out of 15000+600000
 558069 words of font info for 36 fonts, out of 8000000 for 9000
 1141 hyphenation exceptions out of 8191
 15i,0n,18p,394b,14s stack positions out of 10000i,1000n,20000p,200000b,200000s
!  ==> Fatal error occurred, no output PDF file produced!
